The request analysis.setContextRoots failed with the following error:
RequestErrorCode.PLUGIN_ERROR
Failed to decode .dart_tool/package_config.json at C:\Users\yagiz\OneDrive\Belgeler\GitHub\YZTA_Bootcamp2026_Grup1\mobil. Make sure to run `pub get` first.
PathNotFoundException: Cannot open file, path = 'C:\Users\yagiz\OneDrive\Belgeler\GitHub\YZTA_Bootcamp2026_Grup1\mobil\.dart_tool\package_config.json' (OS Error: Sistem belirtilen yolu bulamıyor, errno = 3)
#0      _checkForErrorResponse (dart:io/common.dart:58)
#1      _File.open.<anonymous closure> (dart:io/file_impl.dart:438)
#2      _rootRunUnary (dart:async/zone_root.dart:48)
#3      _CustomZone.runUnary (dart:async/zone.dart:733)
<asynchronous suspension>
#4      _File.readAsBytes.<anonymous closure> (dart:io/file_impl.dart:645)
<asynchronous suspension>
#5      parsePackageConfig (package:custom_lint_core/src/package_utils.dart:161)
<asynchronous suspension>
#6      CustomLintProject.parse (package:custom_lint/src/workspace.dart:996)
<asynchronous suspension>
#7      Future.wait.<anonymous closure> (dart:async/future.dart:546)
<asynchronous suspension>
#8      CustomLintWorkspace.fromContextRoots (package:custom_lint/src/workspace.dart:489)
<asynchronous suspension>
#9      SocketCustomLintServerToClientChannel.create (package:custom_lint/src/v2/server_to_client_channel.dart:54)
<asynchronous suspension>
#10     CustomLintServer._maybeSpawnCustomLintPlugin (package:custom_lint/src/v2/custom_lint_analyzer_plugin.dart:358)
<asynchronous suspension>
#11     CustomLintServer._handleAnalysisSetContextRoots.<anonymous closure> (package:custom_lint/src/v2/custom_lint_analyzer_plugin.dart:339)
<asynchronous suspension>
#12     PendingOperation.run (package:custom_lint/src/async_operation.dart:22)
<asynchronous suspension>
#13     CustomLintServer._handleRequest (package:custom_lint/src/v2/custom_lint_analyzer_plugin.dart:171)
<asynchronous suspension>

at:
#0      CustomLintProject.parse.<anonymous closure> (package:custom_lint/src/workspace.dart:999)
#1      _rootRunBinary (dart:async/zone_root.dart:70)
#2      _CustomZone.runBinary (dart:async/zone.dart:740)
#3      _FutureListener.handleError (dart:async/future_impl.dart:237)
#4      Future._propagateToListeners.handleError (dart:async/future_impl.dart:960)
#5      Future._propagateToListeners (dart:async/future_impl.dart:981)
#6      Future._completeErrorObject (dart:async/future_impl.dart:738)
#7      Future._completeError (dart:async/future_impl.dart:742)
<asynchronous suspension>

